2023-12-24 23:07:48 [@DESKTOP-71FI95R]
Internal #1: Launch contract
2023-12-24 23:09:06 [@DESKTOP-71FI95R]
Internal #1: Launch infocom
2023-12-24 23:21:48 [2@DESKTOP-71FI95R]
Internal #1: Launch mailgate
2023-12-24 23:28:27 [2@DESKTOP-71FI95R]
Internal #1: Launch session
2023-12-25 01:04:50 [2@DESKTOP-71FI95R]
Internal #1: Launch graph
2023-12-25 01:05:06 [@DESKTOP-71FI95R]
Internal #1: Launch reservation
2023-12-25 01:05:15 [@DESKTOP-71FI95R]
Internal #1: Launch closeticket
2023-12-25 01:05:30 [@DESKTOP-71FI95R]
Internal #1: Launch alertnotclosed
2023-12-25 01:08:13 [@DESKTOP-71FI95R]
Internal #1: Launch slaticket
2023-12-25 01:08:26 [@DESKTOP-71FI95R]
Interne #1 : Démarrage createinquest
2023-12-25 13:06:16 [@DESKTOP-71FI95R]
Internal #1: Launch watcher
2023-12-25 13:08:03 [@DESKTOP-71FI95R]
Internal #1: Launch RecurrentItems
2023-12-25 13:08:27 [@DESKTOP-71FI95R]
Internal #1: Launch planningrecall
